<?xml version="1.0" encoding="UTF-8"?>
<!-- Generated by org.testng.reporters.JUnitXMLReporter -->
<testsuite hostname="Ali" ignored="0" name="Default test" tests="6" failures="0" timestamp="2020-11-08T20:41:48 EST" time="0.041" errors="0">
  <testcase name="jack3" time="0.0" classname="day29.DependsonAnnotation"/>
  <testcase name="jack4" time="0.0" classname="day29.DependsonAnnotation"/>
  <testcase name="jack5" time="0.0" classname="day29.DependsonAnnotation"/>
  <testcase name="jack6" time="0.0" classname="day29.DependsonAnnotation"/>
  <testcase name="jack2" time="0.001" classname="day29.DependsonAnnotation"/>
  <testcase name="jack1" time="0.001" classname="day29.DependsonAnnotation"/>
</testsuite> <!-- Default test -->
