<?xml version="1.0" encoding="UTF-8"?>
<!-- Generated by org.testng.reporters.JUnitXMLReporter -->
<testsuite hostname="Ali" ignored="2" name="LoginTest" tests="1" failures="0" timestamp="2020-11-11T13:56:03 EST" time="0.084" errors="0">
  <testcase name="jack1" time="0.015" classname="day29.Group"/>
  <testcase name="jack2" time="0.0" classname="day29.Group">
    <ignored/>
  </testcase> <!-- jack2 -->
  <testcase name="jack3" time="0.0" classname="day29.Group">
    <ignored/>
  </testcase> <!-- jack3 -->
</testsuite> <!-- LoginTest -->
