<?xml version="1.0" encoding="UTF-8"?>
<testng-results skipped="0" failed="0" ignored="2" total="3" passed="1">
  <reporter-output>
  </reporter-output>
  <suite name="Suite" duration-ms="84" started-at="2020-11-11T13:56:03 EST" finished-at="2020-11-11T13:56:03 EST">
    <groups>
      <group name="sanity">
        <method signature="Group.jack1()[pri:0, instance:day29.Group@3701eaf6]" name="jack1" class="day29.Group"/>
      </group> <!-- sanity -->
    </groups>
    <test name="LoginTest" duration-ms="84" started-at="2020-11-11T13:56:03 EST" finished-at="2020-11-11T13:56:03 EST">
      <class name="day29.Group">
        <test-method status="PASS" signature="jack1()[pri:0, instance:day29.Group@3701eaf6]" name="jack1" duration-ms="15" started-at="2020-11-11T13:56:03 EST" finished-at="2020-11-11T13:56:03 EST">
          <reporter-output>
          </reporter-output>
        </test-method> <!-- jack1 -->
      </class> <!-- day29.Group -->
    </test> <!-- LoginTest -->
  </suite> <!-- Suite -->
</testng-results>
